<?xml version="1.0" encoding="UTF-8"?>
<!-- Generated by org.testng.reporters.JUnitReportReporter -->
<testsuite hostname="orwa-leno" name="com.ats.core.test.hibernateSearchTest" tests="1" failures="0" timestamp="27 Mar 2016 14:20:46 GMT" time="0.457" errors="0">
  <testcase name="testSearch" time="0.457" classname="com.ats.core.test.hibernateSearchTest"/>
</testsuite> <!-- com.ats.core.test.hibernateSearchTest -->
